<?xml version="1.0" encoding="UTF-8" ?>
<testsuite tests="4" failures="0" name="CalculatorJunitTest" time="0.003" errors="0" skipped="0">
  <properties>
    <property name="java.runtime.name" value="Java(TM) SE Runtime Environment"/>
    <property name="sun.boot.library.path" value="E:\java\jdk1.8.0_45\jre\bin"/>
    <property name="java.vm.version" value="25.45-b02"/>
    <property name="java.vm.vendor" value="Oracle Corporation"/>
    <property name="maven.multiModuleProjectDirectory" value="E:\java\source\MOOC14-01"/>
    <property name="java.vendor.url" value="http://java.oracle.com/"/>
    <property name="path.separator" value=";"/>
    <property name="guice.disable.misplaced.annotation.check" value="true"/>
    <property name="java.vm.name" value="Java HotSpot(TM) 64-Bit Server VM"/>
    <property name="file.encoding.pkg" value="sun.io"/>
    <property name="user.script" value=""/>
    <property name="user.country" value="CN"/>
    <property name="sun.java.launcher" value="SUN_STANDARD"/>
    <property name="sun.os.patch.level" value=""/>
    <property name="java.vm.specification.name" value="Java Virtual Machine Specification"/>
    <property name="user.dir" value="E:\java\source\MOOC14-01"/>
    <property name="java.runtime.version" value="1.8.0_45-b14"/>
    <property name="java.awt.graphicsenv" value="sun.awt.Win32GraphicsEnvironment"/>
    <property name="java.endorsed.dirs" value="E:\java\jdk1.8.0_45\jre\lib\endorsed"/>
    <property name="os.arch" value="amd64"/>
    <property name="java.io.tmpdir" value="C:\Users\Tom\AppData\Local\Temp\"/>
    <property name="line.separator" value="
"/>
    <property name="java.vm.specification.vendor" value="Oracle Corporation"/>
    <property name="user.variant" value=""/>
    <property name="os.name" value="Windows 8.1"/>
    <property name="classworlds.conf" value="E:\java\source\.metadata\.plugins\org.eclipse.m2e.launching\launches\m2conf4208040275631236017.tmp"/>
    <property name="sun.jnu.encoding" value="GBK"/>
    <property name="java.library.path" value="E:\java\jdk1.8.0_45\bin;C:\WINDOWS\Sun\Java\bin;C:\WINDOWS\system32;C:\WINDOWS;E:/java/jdk1.8.0_45/bin/../jre/bin/server;E:/java/jdk1.8.0_45/bin/../jre/bin;E:/java/jdk1.8.0_45/bin/../jre/lib/amd64;E:\java\jdk1.8.0_45\bin;C:\ProgramData\Oracle\Java\javapath;e:\oracle\product\11.2.0\dbhome_1\bin;C:\Program Files (x86)\Intel\iCLS Client\;C:\Program Files\Intel\iCLS Client\;C:\windows\system32;C:\windows;C:\windows\System32\Wbem;C:\windows\System32\WindowsPowerShell\v1.0\;C:\Program Files (x86)\NVIDIA Corporation\PhysX\Common;C:\Program Files (x86)\Intel\Intel(R) Management Engine Components\DAL;C:\Program Files\Intel\Intel(R) Management Engine Components\DAL;C:\Program Files (x86)\Intel\Intel(R) Management Engine Components\IPT;C:\Program Files\Intel\Intel(R) Management Engine Components\IPT;E:\Program Files\TortoiseSVN\bin;e:\CTEX\UserData\miktex\bin;e:\CTEX\MiKTeX\miktex\bin;e:\CTEX\CTeX\ctex\bin;e:\CTEX\CTeX\cct\bin;e:\CTEX\CTeX\ty\bin;e:\CTEX\Ghostscript\gs9.05\bin;e:\CTEX\GSview\gsview;e:\CTEX\WinEdt;E:\Android\sdk\platform-tools;C:\Program Files\MySQL\MySQL Utilities 1.6\;E:\Program Files\Redis\;C:\WINDOWS\system32;C:\WINDOWS;C:\WINDOWS\System32\Wbem;C:\WINDOWS\System32\WindowsPowerShell\v1.0\;E:\java\apache-maven-3.5.2\bin;C:\WINDOWS\System32\OpenSSH\;E:\Program Files\R\R-3.5.1\bin;E:\Program Files\R\R-3.5.1\bin\i386;C:\Program Files\Intel\WiFi\bin\;C:\Program Files\Common Files\Intel\WirelessCommon\;E:\GreenSofts\Python37-32\Scripts\;E:\GreenSofts\Python37-32\;C:\Users\Tom\AppData\Local\Microsoft\WindowsApps;e:\Program Files (x86)\SSH Communications Security\SSH Secure Shell;e:\Program Files (x86)\IDM Computer Solutions\UltraEdit-32;;E:\java\eclipse;;."/>
    <property name="java.specification.name" value="Java Platform API Specification"/>
    <property name="java.class.version" value="52.0"/>
    <property name="sun.management.compiler" value="HotSpot 64-Bit Tiered Compilers"/>
    <property name="os.version" value="6.3"/>
    <property name="user.home" value="C:\Users\Tom"/>
    <property name="user.timezone" value="Asia/Shanghai"/>
    <property name="java.awt.printerjob" value="sun.awt.windows.WPrinterJob"/>
    <property name="java.specification.version" value="1.8"/>
    <property name="file.encoding" value="GBK"/>
    <property name="user.name" value="Tom"/>
    <property name="java.class.path" value="E:\java\eclipse\plugins\org.eclipse.m2e.maven.runtime_1.9.1.20180912-1600\jars\plexus-classworlds-2.5.2.jar"/>
    <property name="java.vm.specification.version" value="1.8"/>
    <property name="sun.arch.data.model" value="64"/>
    <property name="java.home" value="E:\java\jdk1.8.0_45\jre"/>
    <property name="sun.java.command" value="org.codehaus.plexus.classworlds.launcher.Launcher -B test"/>
    <property name="java.specification.vendor" value="Oracle Corporation"/>
    <property name="user.language" value="zh"/>
    <property name="awt.toolkit" value="sun.awt.windows.WToolkit"/>
    <property name="java.vm.info" value="mixed mode"/>
    <property name="java.version" value="1.8.0_45"/>
    <property name="java.ext.dirs" value="E:\java\jdk1.8.0_45\jre\lib\ext;C:\WINDOWS\Sun\Java\lib\ext"/>
    <property name="sun.boot.class.path" value="E:\java\jdk1.8.0_45\jre\lib\resources.jar;E:\java\jdk1.8.0_45\jre\lib\rt.jar;E:\java\jdk1.8.0_45\jre\lib\sunrsasign.jar;E:\java\jdk1.8.0_45\jre\lib\jsse.jar;E:\java\jdk1.8.0_45\jre\lib\jce.jar;E:\java\jdk1.8.0_45\jre\lib\charsets.jar;E:\java\jdk1.8.0_45\jre\lib\jfr.jar;E:\java\jdk1.8.0_45\jre\classes"/>
    <property name="java.vendor" value="Oracle Corporation"/>
    <property name="maven.home" value="E:\java\source\MOOC14-01\EMBEDDED"/>
    <property name="file.separator" value="\"/>
    <property name="java.vendor.url.bug" value="http://bugreport.sun.com/bugreport/"/>
    <property name="sun.cpu.endian" value="little"/>
    <property name="sun.io.unicode.encoding" value="UnicodeLittle"/>
    <property name="sun.desktop" value="windows"/>
    <property name="sun.cpu.isalist" value="amd64"/>
  </properties>
  <testcase classname="CalculatorJunitTest" name="testAdd" time="0.003"/>
  <testcase classname="CalculatorJunitTest" name="testSubtract" time="0"/>
  <testcase classname="CalculatorJunitTest" name="testDivide" time="0"/>
  <testcase classname="CalculatorJunitTest" name="testMultiply" time="0"/>
</testsuite>